<?xml version="1.0" encoding="UTF-8"?>
<testng-results skipped="0" failed="0" ignored="0" total="2" passed="2">
  <reporter-output>
  </reporter-output>
  <suite name="Default suite" duration-ms="410" started-at="2018-10-22T00:18:28Z" finished-at="2018-10-22T00:18:28Z">
    <groups>
      <group name="cucumber">
        <method signature="AbstractTestNGCucumberTests.feature(cucumber.api.testng.CucumberFeatureWrapper)[pri:0, instance:runner.TestRunner@47c62251]" name="feature" class="cucumber.api.testng.AbstractTestNGCucumberTests"/>
      </group> <!-- cucumber -->
    </groups>
    <test name="Default test" duration-ms="410" started-at="2018-10-22T00:18:28Z" finished-at="2018-10-22T00:18:28Z">
      <class name="runner.TestRunner">
        <test-method status="PASS" signature="setUpClass()[pri:0, instance:runner.TestRunner@47c62251]" name="setUpClass" is-config="true" duration-ms="239" started-at="2018-10-21T20:18:28Z" finished-at="2018-10-21T20:18:28Z">
          <reporter-output>
          </reporter-output>
        </test-method> <!-- setUpClass -->
        <test-method status="PASS" signature="feature(cucumber.api.testng.CucumberFeatureWrapper)[pri:0, instance:runner.TestRunner@47c62251]" name="feature" duration-ms="11" started-at="2018-10-21T20:18:28Z" description="Runs Cucumber Feature" data-provider="features" finished-at="2018-10-21T20:18:28Z">
          <params>
            <param index="0">
              <value>
                <![CDATA[Login]]>
              </value>
            </param>
          </params>
          <reporter-output>
          </reporter-output>
        </test-method> <!-- feature -->
        <test-method status="PASS" signature="feature(cucumber.api.testng.CucumberFeatureWrapper)[pri:0, instance:runner.TestRunner@47c62251]" name="feature" duration-ms="6" started-at="2018-10-21T20:18:28Z" description="Runs Cucumber Feature" data-provider="features" finished-at="2018-10-21T20:18:28Z">
          <params>
            <param index="0">
              <value>
                <![CDATA[Search]]>
              </value>
            </param>
          </params>
          <reporter-output>
          </reporter-output>
        </test-method> <!-- feature -->
        <test-method status="PASS" signature="tearDownClass()[pri:0, instance:runner.TestRunner@47c62251]" name="tearDownClass" is-config="true" duration-ms="22" started-at="2018-10-21T20:18:28Z" finished-at="2018-10-21T20:18:28Z">
          <reporter-output>
          </reporter-output>
        </test-method> <!-- tearDownClass -->
      </class> <!-- runner.TestRunner -->
    </test> <!-- Default test -->
  </suite> <!-- Default suite -->
</testng-results>
